mobileoa2.0/app/build/outputs/logs/manifest-merger-developVersion-debug-report.txt
-- Merging decision tree log ---
manifest
ADDED from src\main\AndroidManifest.xml:2:1-705:12
	package
		ADDED from src\main\AndroidManifest.xml:3:5-32
		INJECTED from src\main\AndroidManifest.xml
		INJECTED from src\main\AndroidManifest.xml
	android:versionName
		ADDED from src\main\AndroidManifest.xml:5:5-32
		INJECTED from src\main\AndroidManifest.xml
		INJECTED from src\main\AndroidManifest.xml
	android:versionCode
		ADDED from src\main\AndroidManifest.xml:4:5-29
		INJECTED from src\main\AndroidManifest.xml
		INJECTED from src\main\AndroidManifest.xml
	xmlns:android
		ADDED from src\main\AndroidManifest.xml:2:11-69
supports-screens
ADDED from src\main\AndroidManifest.xml:7:5-11:39
	android:largeScreens
		ADDED from src\main\AndroidManifest.xml:9:9-36
	android:smallScreens
		ADDED from src\main\AndroidManifest.xml:11:9-36
	android:normalScreens
		ADDED from src\main\AndroidManifest.xml:10:9-37
	android:anyDensity
		ADDED from src\main\AndroidManifest.xml:8:9-34
uses-sdk
ADDED from src\main\AndroidManifest.xml:13:5-44
MERGED from [com.android.support:multidex:1.0.1] AndroidManifest.xml:18:5-42
MERGED from [com.android.support:support-v4:22.2.0] AndroidManifest.xml:20:5-43
MERGED from [mobileoa2.0:teamtalkapp:unspecified] AndroidManifest.xml:8:5-10:41
MERGED from [mobileoa2.0:mgimlibs:unspecified] AndroidManifest.xml:8:5-10:41
MERGED from [com.android.support:support-v4:22.2.0] AndroidManifest.xml:20:5-43
MERGED from [com.android.support:appcompat-v7:22.2.0] AndroidManifest.xml:20:5-43
MERGED from [com.android.support:support-v4:22.2.0] AndroidManifest.xml:20:5-43
	android:targetSdkVersion
		INJECTED from src\main\AndroidManifest.xml
		INJECTED from src\main\AndroidManifest.xml
	android:minSdkVersion
		ADDED from src\main\AndroidManifest.xml:13:15-41
		INJECTED from src\main\AndroidManifest.xml
		INJECTED from src\main\AndroidManifest.xml
uses-permission#android.permission.INTERNET
ADDED from src\main\AndroidManifest.xml:15:5-67
	android:name
		ADDED from src\main\AndroidManifest.xml:15:22-64
uses-permission#android.permission.CALL_PHONE
ADDED from src\main\AndroidManifest.xml:16:5-69
	android:name
		ADDED from src\main\AndroidManifest.xml:16:22-66
uses-permission#android.permission.ACCESS_NETWORK_STATE
ADDED from src\main\AndroidManifest.xml:17:5-79
	android:name
		ADDED from src\main\AndroidManifest.xml:17:22-76
uses-permission#android.permission.WRITE_EXTERNAL_STORAGE
ADDED from src\main\AndroidManifest.xml:18:5-81
	android:name
		ADDED from src\main\AndroidManifest.xml:18:22-78
uses-permission#android.permission.CAMERA
ADDED from src\main\AndroidManifest.xml:19:5-65
	android:name
		ADDED from src\main\AndroidManifest.xml:19:22-62
uses-permission#android.permission.READ_CONTACTS
ADDED from src\main\AndroidManifest.xml:20:5-72
	android:name
		ADDED from src\main\AndroidManifest.xml:20:22-69
uses-permission#android.permission.WRITE_CONTACTS
ADDED from src\main\AndroidManifest.xml:21:5-73
	android:name
		ADDED from src\main\AndroidManifest.xml:21:22-70
uses-permission#android.permission.READ_PHONE_STATE
ADDED from src\main\AndroidManifest.xml:29:5-75
	android:name
		ADDED from src\main\AndroidManifest.xml:29:22-72
uses-permission#android.permission.RECEIVE_BOOT_COMPLETED
ADDED from src\main\AndroidManifest.xml:30:5-81
	android:name
		ADDED from src\main\AndroidManifest.xml:30:22-78
uses-permission#android.permission.WRITE_SETTINGS
ADDED from src\main\AndroidManifest.xml:31:5-73
	android:name
		ADDED from src\main\AndroidManifest.xml:31:22-70
uses-permission#android.permission.VIBRATE
ADDED from src\main\AndroidManifest.xml:32:5-66
	android:name
		ADDED from src\main\AndroidManifest.xml:32:22-63
uses-permission#android.permission.ACCESS_DOWNLOAD_MANAGER
ADDED from src\main\AndroidManifest.xml:33:5-82
	android:name
		ADDED from src\main\AndroidManifest.xml:33:22-79
uses-permission#android.permission.DOWNLOAD_WITHOUT_NOTIFICATION
ADDED from src\main\AndroidManifest.xml:34:5-88
	android:name
		ADDED from src\main\AndroidManifest.xml:34:22-85
uses-permission#android.permission.DISABLE_KEYGUARD
ADDED from src\main\AndroidManifest.xml:35:5-75
	android:name
		ADDED from src\main\AndroidManifest.xml:35:22-72
uses-permission#android.permission.ACCESS_COARSE_LOCATION
ADDED from src\main\AndroidManifest.xml:36:5-81
	android:name
		ADDED from src\main\AndroidManifest.xml:36:22-78
uses-permission#android.permission.ACCESS_WIFI_STATE
ADDED from src\main\AndroidManifest.xml:37:5-76
	android:name
		ADDED from src\main\AndroidManifest.xml:37:22-73
uses-permission#com.idxk.mobileoa.permission.JPUSH_MESSAGE
ADDED from src\main\AndroidManifest.xml:41:5-82
	android:name
		ADDED from src\main\AndroidManifest.xml:41:22-79
uses-permission#android.permission.RECEIVE_USER_PRESENT
ADDED from src\main\AndroidManifest.xml:42:5-79
	android:name
		ADDED from src\main\AndroidManifest.xml:42:22-76
uses-permission#android.permission.WAKE_LOCK
ADDED from src\main\AndroidManifest.xml:43:5-68
	android:name
		ADDED from src\main\AndroidManifest.xml:43:22-65
uses-permission#android.permission.READ_EXTERNAL_STORAGE
ADDED from src\main\AndroidManifest.xml:44:5-80
	android:name
		ADDED from src\main\AndroidManifest.xml:44:22-77
uses-permission#android.permission.MOUNT_UNMOUNT_FILESYSTEMS
ADDED from src\main\AndroidManifest.xml:45:5-84
	android:name
		ADDED from src\main\AndroidManifest.xml:45:22-81
uses-permission#android.permission.SYSTEM_ALERT_WINDOW
ADDED from src\main\AndroidManifest.xml:46:5-78
	android:name
		ADDED from src\main\AndroidManifest.xml:46:22-75
uses-permission#android.permission.MODIFY_AUDIO_SETTINGS
ADDED from src\main\AndroidManifest.xml:50:5-80
	android:name
		ADDED from src\main\AndroidManifest.xml:50:22-77
uses-permission#android.permission.RECORD_AUDIO
ADDED from src\main\AndroidManifest.xml:51:5-71
	android:name
		ADDED from src\main\AndroidManifest.xml:51:22-68
uses-permission#android.permission.GET_TASKS
ADDED from src\main\AndroidManifest.xml:52:5-68
	android:name
		ADDED from src\main\AndroidManifest.xml:52:22-65
uses-permission#android.permission.INTERACT_ACROSS_USERS_FULL
ADDED from src\main\AndroidManifest.xml:53:5-85
	android:name
		ADDED from src\main\AndroidManifest.xml:53:22-82
application
ADDED from src\main\AndroidManifest.xml:63:5-702:19
MERGED from [com.android.support:support-v4:22.2.0] AndroidManifest.xml:22:5-20
MERGED from [mobileoa2.0:teamtalkapp:unspecified] AndroidManifest.xml:12:5-20
MERGED from [mobileoa2.0:mgimlibs:unspecified] AndroidManifest.xml:12:5-20
MERGED from [com.android.support:support-v4:22.2.0] AndroidManifest.xml:22:5-20
MERGED from [com.android.support:appcompat-v7:22.2.0] AndroidManifest.xml:22:5-20
MERGED from [com.android.support:support-v4:22.2.0] AndroidManifest.xml:22:5-20
	android:label
		ADDED from src\main\AndroidManifest.xml:67:9-41
	android:hardwareAccelerated
		ADDED from src\main\AndroidManifest.xml:65:9-43
	android:launchMode
		ADDED from src\main\AndroidManifest.xml:68:9-40
	android:icon
		ADDED from src\main\AndroidManifest.xml:66:9-45
	android:theme
		ADDED from src\main\AndroidManifest.xml:69:9-43
	android:name
		ADDED from src\main\AndroidManifest.xml:64:9-62
meta-data#debug
ADDED from src\main\AndroidManifest.xml:71:9-73:36
	android:value
		ADDED from src\main\AndroidManifest.xml:73:13-33
	android:name
		ADDED from src\main\AndroidManifest.xml:72:13-33
meta-data#testToastShow
ADDED from src\main\AndroidManifest.xml:74:9-76:54
	android:value
		ADDED from src\main\AndroidManifest.xml:76:13-51
		INJECTED from src\main\AndroidManifest.xml
	android:name
		ADDED from src\main\AndroidManifest.xml:75:13-41
meta-data#writeLog
ADDED from src\main\AndroidManifest.xml:77:9-79:49
	android:value
		ADDED from src\main\AndroidManifest.xml:79:13-46
		INJECTED from src\main\AndroidManifest.xml
	android:name
		ADDED from src\main\AndroidManifest.xml:78:13-36
meta-data#environment
ADDED from src\main\AndroidManifest.xml:80:9-82:52
	android:value
		ADDED from src\main\AndroidManifest.xml:82:13-49
		INJECTED from src\main\AndroidManifest.xml
	android:name
		ADDED from src\main\AndroidManifest.xml:81:13-39
activity#com.idxk.mobileoa.android.ui.activity.LauncherActivity
ADDED from src\main\AndroidManifest.xml:84:9-103:20
	android:screenOrientation
		ADDED from src\main\AndroidManifest.xml:87:13-49
	android:label
		ADDED from src\main\AndroidManifest.xml:86:13-45
	android:theme
		ADDED from src\main\AndroidManifest.xml:88:13-54
	android:name
		ADDED from src\main\AndroidManifest.xml:85:13-65
intent-filter#android.intent.action.MAIN+android.intent.category.LAUNCHER
ADDED from src\main\AndroidManifest.xml:89:13-92:29
action#android.intent.action.MAIN
ADDED from src\main\AndroidManifest.xml:90:17-69
	android:name
		ADDED from src\main\AndroidManifest.xml:90:25-66
category#android.intent.category.LAUNCHER
ADDED from src\main\AndroidManifest.xml:91:17-77
	android:name
		ADDED from src\main\AndroidManifest.xml:91:27-74
intent-filter#android.intent.action.VIEW+android.intent.category.BROWSABLE+android.intent.category.DEFAULT
ADDED from src\main\AndroidManifest.xml:93:13-102:29
action#android.intent.action.VIEW
ADDED from src\main\AndroidManifest.xml:94:17-69
	android:name
		ADDED from src\main\AndroidManifest.xml:94:25-66
category#android.intent.category.DEFAULT
ADDED from src\main\AndroidManifest.xml:96:17-76
	android:name
		ADDED from src\main\AndroidManifest.xml:96:27-73
category#android.intent.category.BROWSABLE
ADDED from src\main\AndroidManifest.xml:97:17-78
	android:name
		ADDED from src\main\AndroidManifest.xml:97:27-75
data
ADDED from src\main\AndroidManifest.xml:99:17-101:46
	android:host
		ADDED from src\main\AndroidManifest.xml:100:21-42
	android:scheme
		ADDED from src\main\AndroidManifest.xml:101:21-43
activity#com.idxk.mobileoa.android.ui.activity.LoginActivity
ADDED from src\main\AndroidManifest.xml:107:9-110:54
	android:screenOrientation
		ADDED from src\main\AndroidManifest.xml:109:13-49
	android:theme
		ADDED from src\main\AndroidManifest.xml:110:13-51
	android:name
		ADDED from src\main\AndroidManifest.xml:108:13-62
activity#com.idxk.mobileoa.android.ui.activity.HomeActivity
ADDED from src\main\AndroidManifest.xml:112:9-116:55
	android:screenOrientation
		ADDED from src\main\AndroidManifest.xml:114:13-49
	android:windowSoftInputMode
		ADDED from src\main\AndroidManifest.xml:116:13-52
	android:theme
		ADDED from src\main\AndroidManifest.xml:115:13-51
	android:name
		ADDED from src\main\AndroidManifest.xml:113:13-61
activity#com.idxk.mobileoa.android.ui.activity.HomeNewSunActivity
ADDED from src\main\AndroidManifest.xml:117:9-121:55
	android:screenOrientation
		ADDED from src\main\AndroidManifest.xml:119:13-49
	android:windowSoftInputMode
		ADDED from src\main\AndroidManifest.xml:121:13-52
	android:theme
		ADDED from src\main\AndroidManifest.xml:120:13-51
	android:name
		ADDED from src\main\AndroidManifest.xml:118:13-67
activity#com.idxk.mobileoa.android.ui.activity.WorkAlarmActivity
ADDED from src\main\AndroidManifest.xml:123:9-126:54
	android:screenOrientation
		ADDED from src\main\AndroidManifest.xml:125:13-49
	android:theme
		ADDED from src\main\AndroidManifest.xml:126:13-51
	android:name
		ADDED from src\main\AndroidManifest.xml:124:13-66
activity#com.idxk.mobileoa.android.ui.activity.im.ChatActivity
ADDED from src\main\AndroidManifest.xml:127:9-133:15
	android:screenOrientation
		ADDED from src\main\AndroidManifest.xml:130:13-49
	android:windowSoftInputMode
		ADDED from src\main\AndroidManifest.xml:132:13-67
	android:configChanges
		ADDED from src\main\AndroidManifest.xml:129:13-59
	android:theme
		ADDED from src\main\AndroidManifest.xml:131:13-56
	android:name
		ADDED from src\main\AndroidManifest.xml:128:13-81
activity#com.idxk.mobileoa.android.ui.activity.AboutActivity
ADDED from src\main\AndroidManifest.xml:136:9-139:54
	android:screenOrientation
		ADDED from src\main\AndroidManifest.xml:138:13-49
	android:theme
		ADDED from src\main\AndroidManifest.xml:139:13-51
	android:name
		ADDED from src\main\AndroidManifest.xml:137:13-62
activity#com.idxk.mobileoa.android.ui.activity.ApplicationAlarmActivity
ADDED from src\main\AndroidManifest.xml:141:9-144:54
	android:screenOrientation
		ADDED from src\main\AndroidManifest.xml:143:13-49
	android:theme
		ADDED from src\main\AndroidManifest.xml:144:13-51
	android:name
		ADDED from src\main\AndroidManifest.xml:142:13-73
activity#com.idxk.mobileoa.android.ui.activity.SendShareActivity
ADDED from src\main\AndroidManifest.xml:147:9-151:58
	android:screenOrientation
		ADDED from src\main\AndroidManifest.xml:149:13-49
	android:windowSoftInputMode
		ADDED from src\main\AndroidManifest.xml:151:13-55
	android:theme
		ADDED from src\main\AndroidManifest.xml:150:13-51
	android:name
		ADDED from src\main\AndroidManifest.xml:148:13-66
activity#com.idxk.mobileoa.android.ui.activity.MessageReceivedActivity
ADDED from src\main\AndroidManifest.xml:153:9-156:54
	android:screenOrientation
		ADDED from src\main\AndroidManifest.xml:155:13-49
	android:theme
		ADDED from src\main\AndroidManifest.xml:156:13-51
	android:name
		ADDED from src\main\AndroidManifest.xml:154:13-72
activity#com.idxk.mobileoa.android.ui.activity.MessageSendActivity
ADDED from src\main\AndroidManifest.xml:158:9-161:54
	android:screenOrientation
		ADDED from src\main\AndroidManifest.xml:160:13-49
	android:theme
		ADDED from src\main\AndroidManifest.xml:161:13-51
	android:name
		ADDED from src\main\AndroidManifest.xml:159:13-68
activity#com.idxk.mobileoa.android.ui.activity.ReplyActivity
ADDED from src\main\AndroidManifest.xml:164:9-168:75
	android:screenOrientation
		ADDED from src\main\AndroidManifest.xml:166:13-49
	android:windowSoftInputMode
		ADDED from src\main\AndroidManifest.xml:168:13-72
	android:theme
		ADDED from src\main\AndroidManifest.xml:167:13-51
	android:name
		ADDED from src\main\AndroidManifest.xml:165:13-62
activity#com.idxk.mobileoa.android.ui.activity.ShowBigImageActivity
ADDED from src\main\AndroidManifest.xml:171:9-174:54
	android:screenOrientation
		ADDED from src\main\AndroidManifest.xml:173:13-49
	android:theme
		ADDED from src\main\AndroidManifest.xml:174:13-51
	android:name
		ADDED from src\main\AndroidManifest.xml:172:13-69
activity#com.idxk.mobileoa.android.ui.activity.WeiboDetailsActivity
ADDED from src\main\AndroidManifest.xml:177:9-180:54
	android:screenOrientation
		ADDED from src\main\AndroidManifest.xml:179:13-49
	android:theme
		ADDED from src\main\AndroidManifest.xml:180:13-51
	android:name
		ADDED from src\main\AndroidManifest.xml:178:13-69
activity#com.idxk.mobileoa.android.ui.activity.PraiseReceivedActivity
ADDED from src\main\AndroidManifest.xml:183:9-186:54
	android:screenOrientation
		ADDED from src\main\AndroidManifest.xml:185:13-49
	android:theme
		ADDED from src\main\AndroidManifest.xml:186:13-51
	android:name
		ADDED from src\main\AndroidManifest.xml:184:13-71
activity#com.idxk.mobileoa.android.ui.activity.ReminderMeActivity
ADDED from src\main\AndroidManifest.xml:189:9-192:54
	android:screenOrientation
		ADDED from src\main\AndroidManifest.xml:191:13-49
	android:theme
		ADDED from src\main\AndroidManifest.xml:192:13-51
	android:name
		ADDED from src\main\AndroidManifest.xml:190:13-67
activity#com.idxk.mobileoa.android.ui.activity.WaitForDealWithActivity
ADDED from src\main\AndroidManifest.xml:195:9-198:54
	android:screenOrientation
		ADDED from src\main\AndroidManifest.xml:197:13-49
	android:theme
		ADDED from src\main\AndroidManifest.xml:198:13-51
	android:name
		ADDED from src\main\AndroidManifest.xml:196:13-72
activity#com.idxk.mobileoa.android.ui.activity.WorkSendActivity
ADDED from src\main\AndroidManifest.xml:201:9-204:54
	android:screenOrientation
		ADDED from src\main\AndroidManifest.xml:203:13-49
	android:theme
		ADDED from src\main\AndroidManifest.xml:204:13-51
	android:name
		ADDED from src\main\AndroidManifest.xml:202:13-65
activity#com.idxk.mobileoa.android.ui.activity.SearchActivity
ADDED from src\main\AndroidManifest.xml:207:9-211:64
	android:screenOrientation
		ADDED from src\main\AndroidManifest.xml:209:13-49
	android:windowSoftInputMode
		ADDED from src\main\AndroidManifest.xml:211:13-61
	android:theme
		ADDED from src\main\AndroidManifest.xml:210:13-51
	android:name
		ADDED from src\main\AndroidManifest.xml:208:13-63
activity#com.idxk.mobileoa.android.ui.activity.PersonInforActivity
ADDED from src\main\AndroidManifest.xml:214:9-217:54
	android:screenOrientation
		ADDED from src\main\AndroidManifest.xml:216:13-49
	android:theme
		ADDED from src\main\AndroidManifest.xml:217:13-51
	android:name
		ADDED from src\main\AndroidManifest.xml:215:13-68
activity#com.idxk.mobileoa.android.ui.activity.DraftActivity
ADDED from src\main\AndroidManifest.xml:220:9-223:54
	android:screenOrientation
		ADDED from src\main\AndroidManifest.xml:222:13-49
	android:theme
		ADDED from src\main\AndroidManifest.xml:223:13-51
	android:name
		ADDED from src\main\AndroidManifest.xml:221:13-62
activity#com.idxk.mobileoa.android.ui.activity.SetActivity
ADDED from src\main\AndroidManifest.xml:225:9-228:54
	android:screenOrientation
		ADDED from src\main\AndroidManifest.xml:227:13-49
	android:theme
		ADDED from src\main\AndroidManifest.xml:228:13-51
	android:name
		ADDED from src\main\AndroidManifest.xml:226:13-60
activity#com.idxk.mobileoa.android.ui.activity.SystemNotifyActivity
ADDED from src\main\AndroidManifest.xml:230:9-233:54
	android:screenOrientation
		ADDED from src\main\AndroidManifest.xml:232:13-49
	android:theme
		ADDED from src\main\AndroidManifest.xml:233:13-51
	android:name
		ADDED from src\main\AndroidManifest.xml:231:13-69
activity#com.idxk.mobileoa.android.ui.activity.EditeInoforActivity
ADDED from src\main\AndroidManifest.xml:235:9-238:54
	android:screenOrientation
		ADDED from src\main\AndroidManifest.xml:237:13-49
	android:theme
		ADDED from src\main\AndroidManifest.xml:238:13-51
	android:name
		ADDED from src\main\AndroidManifest.xml:236:13-68
activity#com.idxk.mobileoa.android.ui.activity.CommentDiaryActivity
ADDED from src\main\AndroidManifest.xml:241:9-244:54
	android:screenOrientation
		ADDED from src\main\AndroidManifest.xml:243:13-49
	android:theme
		ADDED from src\main\AndroidManifest.xml:244:13-51
	android:name
		ADDED from src\main\AndroidManifest.xml:242:13-69
activity#com.idxk.mobileoa.android.ui.activity.SelectMobileActivity
ADDED from src\main\AndroidManifest.xml:247:9-250:54
	android:screenOrientation
		ADDED from src\main\AndroidManifest.xml:249:13-49
	android:theme
		ADDED from src\main\AndroidManifest.xml:250:13-51
	android:name
		ADDED from src\main\AndroidManifest.xml:248:13-69
activity#com.idxk.mobileoa.android.ui.activity.DealWithDiaryDetailsActivity
ADDED from src\main\AndroidManifest.xml:254:9-257:54
	android:screenOrientation
		ADDED from src\main\AndroidManifest.xml:256:13-49
	android:theme
		ADDED from src\main\AndroidManifest.xml:257:13-51
	android:name
		ADDED from src\main\AndroidManifest.xml:255:13-77
activity#com.idxk.mobileoa.android.ui.activity.AgreeActivity
ADDED from src\main\AndroidManifest.xml:261:9-264:54
	android:screenOrientation
		ADDED from src\main\AndroidManifest.xml:263:13-49
	android:theme
		ADDED from src\main\AndroidManifest.xml:264:13-51
	android:name
		ADDED from src\main\AndroidManifest.xml:262:13-62
activity#com.idxk.mobileoa.android.ui.activity.DealWithCommandDetailsActivity
ADDED from src\main\AndroidManifest.xml:267:9-270:54
	android:screenOrientation
		ADDED from src\main\AndroidManifest.xml:269:13-49
	android:theme
		ADDED from src\main\AndroidManifest.xml:270:13-51
	android:name
		ADDED from src\main\AndroidManifest.xml:268:13-79
activity#com.idxk.mobileoa.android.ui.activity.PraiseReplyActivity
ADDED from src\main\AndroidManifest.xml:273:9-276:54
	android:screenOrientation
		ADDED from src\main\AndroidManifest.xml:275:13-49
	android:theme
		ADDED from src\main\AndroidManifest.xml:276:13-51
	android:name
		ADDED from src\main\AndroidManifest.xml:274:13-68
activity#com.idxk.mobileoa.android.ui.activity.DepartmentSelectionActivity
ADDED from src\main\AndroidManifest.xml:279:9-282:54
	android:screenOrientation
		ADDED from src\main\AndroidManifest.xml:281:13-49
	android:theme
		ADDED from src\main\AndroidManifest.xml:282:13-51
	android:name
		ADDED from src\main\AndroidManifest.xml:280:13-76
activity#com.idxk.mobileoa.android.ui.activity.DepartmentSunSelectionActivity
ADDED from src\main\AndroidManifest.xml:284:9-287:54
	android:screenOrientation
		ADDED from src\main\AndroidManifest.xml:286:13-49
	android:theme
		ADDED from src\main\AndroidManifest.xml:287:13-51
	android:name
		ADDED from src\main\AndroidManifest.xml:285:13-79
activity#com.idxk.mobileoa.android.ui.activity.DepartmentContectsActivity
ADDED from src\main\AndroidManifest.xml:289:9-294:55
	android:screenOrientation
		ADDED from src\main\AndroidManifest.xml:291:13-49
	android:windowSoftInputMode
		ADDED from src\main\AndroidManifest.xml:294:13-52
	android:theme
		ADDED from src\main\AndroidManifest.xml:292:13-51
	android:name
		ADDED from src\main\AndroidManifest.xml:290:13-75
activity#com.idxk.mobileoa.android.ui.activity.ShareScopeActivity
ADDED from src\main\AndroidManifest.xml:298:9-301:54
	android:screenOrientation
		ADDED from src\main\AndroidManifest.xml:300:13-49
	android:theme
		ADDED from src\main\AndroidManifest.xml:301:13-51
	android:name
		ADDED from src\main\AndroidManifest.xml:299:13-67
activity#com.idxk.mobileoa.android.ui.activity.FileShowListActivity
ADDED from src\main\AndroidManifest.xml:305:9-308:54
	android:screenOrientation
		ADDED from src\main\AndroidManifest.xml:307:13-49
	android:theme
		ADDED from src\main\AndroidManifest.xml:308:13-51
	android:name
		ADDED from src\main\AndroidManifest.xml:306:13-69
activity#com.idxk.mobileoa.android.ui.activity.SendDiaryActivity
ADDED from src\main\AndroidManifest.xml:311:9-315:75
	android:screenOrientation
		ADDED from src\main\AndroidManifest.xml:313:13-49
	android:windowSoftInputMode
		ADDED from src\main\AndroidManifest.xml:315:13-72
	android:theme
		ADDED from src\main\AndroidManifest.xml:314:13-51
	android:name
		ADDED from src\main\AndroidManifest.xml:312:13-66
activity#com.idxk.mobileoa.android.ui.activity.EditeUserSignature
ADDED from src\main\AndroidManifest.xml:319:9-323:75
	android:screenOrientation
		ADDED from src\main\AndroidManifest.xml:321:13-49
	android:windowSoftInputMode
		ADDED from src\main\AndroidManifest.xml:323:13-72
	android:theme
		ADDED from src\main\AndroidManifest.xml:322:13-51
	android:name
		ADDED from src\main\AndroidManifest.xml:320:13-67
activity#com.idxk.mobileoa.android.ui.activity.SendCommandActivity
ADDED from src\main\AndroidManifest.xml:326:9-330:75
	android:screenOrientation
		ADDED from src\main\AndroidManifest.xml:328:13-49
	android:windowSoftInputMode
		ADDED from src\main\AndroidManifest.xml:330:13-72
	android:theme
		ADDED from src\main\AndroidManifest.xml:329:13-51
	android:name
		ADDED from src\main\AndroidManifest.xml:327:13-68
activity#com.idxk.mobileoa.android.ui.activity.ChangePasswordActivity
ADDED from src\main\AndroidManifest.xml:332:9-335:54
	android:screenOrientation
		ADDED from src\main\AndroidManifest.xml:334:13-49
	android:theme
		ADDED from src\main\AndroidManifest.xml:335:13-51
	android:name
		ADDED from src\main\AndroidManifest.xml:333:13-71
activity#com.idxk.mobileoa.android.ui.activity.ShowImageToolActivity
ADDED from src\main\AndroidManifest.xml:337:9-340:54
	android:screenOrientation
		ADDED from src\main\AndroidManifest.xml:339:13-49
	android:theme
		ADDED from src\main\AndroidManifest.xml:340:13-51
	android:name
		ADDED from src\main\AndroidManifest.xml:338:13-70
activity#com.idxk.mobileoa.android.ui.activity.SendRangeActivity
ADDED from src\main\AndroidManifest.xml:343:9-346:54
	android:screenOrientation
		ADDED from src\main\AndroidManifest.xml:345:13-49
	android:theme
		ADDED from src\main\AndroidManifest.xml:346:13-51
	android:name
		ADDED from src\main\AndroidManifest.xml:344:13-66
activity#com.idxk.mobileoa.android.ui.activity.SelectSendScopeActivity
ADDED from src\main\AndroidManifest.xml:350:9-354:70
	android:screenOrientation
		ADDED from src\main\AndroidManifest.xml:352:13-49
	android:windowSoftInputMode
		ADDED from src\main\AndroidManifest.xml:354:13-67
	android:theme
		ADDED from src\main\AndroidManifest.xml:353:13-52
	android:name
		ADDED from src\main\AndroidManifest.xml:351:13-72
service#com.idxk.mobileoa.android.service.DownloadContactService
ADDED from src\main\AndroidManifest.xml:355:9-75
	android:name
		ADDED from src\main\AndroidManifest.xml:355:18-72
activity#com.idxk.mobileoa.android.ui.activity.SelectPersonActivity
ADDED from src\main\AndroidManifest.xml:358:9-362:55
	android:screenOrientation
		ADDED from src\main\AndroidManifest.xml:360:13-49
	android:windowSoftInputMode
		ADDED from src\main\AndroidManifest.xml:362:13-52
	android:theme
		ADDED from src\main\AndroidManifest.xml:361:13-51
	android:name
		ADDED from src\main\AndroidManifest.xml:359:13-69
activity#com.idxk.mobileoa.android.ui.activity.WebViewActivity
ADDED from src\main\AndroidManifest.xml:365:9-368:54
	android:screenOrientation
		ADDED from src\main\AndroidManifest.xml:367:13-49
	android:theme
		ADDED from src\main\AndroidManifest.xml:368:13-51
	android:name
		ADDED from src\main\AndroidManifest.xml:366:13-64
activity#com.idxk.mobileoa.android.ui.activity.ContactDetailActivity
ADDED from src\main\AndroidManifest.xml:370:9-378:20
	android:screenOrientation
		ADDED from src\main\AndroidManifest.xml:372:13-49
	android:theme
		ADDED from src\main\AndroidManifest.xml:373:13-51
	android:name
		ADDED from src\main\AndroidManifest.xml:371:13-70
intent-filter#android.intent.category.DEFAULT+com.idxk.mobileoa.android.ui.activity.ContactDetailActivity
ADDED from src\main\AndroidManifest.xml:374:13-377:29
action#com.idxk.mobileoa.android.ui.activity.ContactDetailActivity
ADDED from src\main\AndroidManifest.xml:375:17-102
	android:name
		ADDED from src\main\AndroidManifest.xml:375:25-99
activity#com.idxk.mobileoa.android.ui.activity.SendExamineActivity
ADDED from src\main\AndroidManifest.xml:381:9-385:75
	android:screenOrientation
		ADDED from src\main\AndroidManifest.xml:383:13-49
	android:windowSoftInputMode
		ADDED from src\main\AndroidManifest.xml:385:13-72
	android:theme
		ADDED from src\main\AndroidManifest.xml:384:13-51
	android:name
		ADDED from src\main\AndroidManifest.xml:382:13-68
activity#com.idxk.mobileoa.android.ui.activity.SelectImageActivity
ADDED from src\main\AndroidManifest.xml:387:9-390:54
	android:screenOrientation
		ADDED from src\main\AndroidManifest.xml:389:13-49
	android:theme
		ADDED from src\main\AndroidManifest.xml:390:13-51
	android:name
		ADDED from src\main\AndroidManifest.xml:388:13-68
activity#com.idxk.mobileoa.android.ui.activity.ShowImageActivity
ADDED from src\main\AndroidManifest.xml:392:9-395:54
	android:screenOrientation
		ADDED from src\main\AndroidManifest.xml:394:13-49
	android:theme
		ADDED from src\main\AndroidManifest.xml:395:13-51
	android:name
		ADDED from src\main\AndroidManifest.xml:393:13-66
activity#com.idxk.mobileoa.android.ui.activity.FeedBackActivity
ADDED from src\main\AndroidManifest.xml:398:9-401:54
	android:screenOrientation
		ADDED from src\main\AndroidManifest.xml:400:13-49
	android:theme
		ADDED from src\main\AndroidManifest.xml:401:13-51
	android:name
		ADDED from src\main\AndroidManifest.xml:399:13-65
meta-data#UMENG_APPKEY
ADDED from src\main\AndroidManifest.xml:404:9-406:56
	android:value
		ADDED from src\main\AndroidManifest.xml:406:13-53
	android:name
		ADDED from src\main\AndroidManifest.xml:405:13-40
service#com.umeng.update.net.DownloadingService
ADDED from src\main\AndroidManifest.xml:407:9-409:53
	android:process
		ADDED from src\main\AndroidManifest.xml:409:13-50
	android:name
		ADDED from src\main\AndroidManifest.xml:408:13-67
activity#com.umeng.update.UpdateDialogActivity
ADDED from src\main\AndroidManifest.xml:410:9-413:75
	android:screenOrientation
		ADDED from src\main\AndroidManifest.xml:412:13-49
	android:theme
		ADDED from src\main\AndroidManifest.xml:413:13-72
	android:name
		ADDED from src\main\AndroidManifest.xml:411:13-65
receiver#com.idxk.mobileoa.android.receiver.NeedLoginReceiver
ADDED from src\main\AndroidManifest.xml:416:9-420:20
	android:name
		ADDED from src\main\AndroidManifest.xml:416:19-86
intent-filter#com.idxk.mobileoa.NeedLogin
ADDED from src\main\AndroidManifest.xml:417:13-419:29
action#com.idxk.mobileoa.NeedLogin
ADDED from src\main\AndroidManifest.xml:418:17-70
	android:name
		ADDED from src\main\AndroidManifest.xml:418:25-67
receiver#com.idxk.mobileoa.android.receiver.MyPushMessageReceiver
ADDED from src\main\AndroidManifest.xml:424:9-432:20
	android:name
		ADDED from src\main\AndroidManifest.xml:424:19-90
intent-filter#com.baidu.android.pushservice.action.MESSAGE+com.baidu.android.pushservice.action.RECEIVE+com.baidu.android.pushservice.action.notification.CLICK
ADDED from src\main\AndroidManifest.xml:425:13-431:29
action#com.baidu.android.pushservice.action.MESSAGE
ADDED from src\main\AndroidManifest.xml:427:17-87
	android:name
		ADDED from src\main\AndroidManifest.xml:427:25-84
action#com.baidu.android.pushservice.action.RECEIVE
ADDED from src\main\AndroidManifest.xml:429:17-87
	android:name
		ADDED from src\main\AndroidManifest.xml:429:25-84
action#com.baidu.android.pushservice.action.notification.CLICK
ADDED from src\main\AndroidManifest.xml:430:17-98
	android:name
		ADDED from src\main\AndroidManifest.xml:430:25-95
receiver#com.baidu.android.pushservice.PushServiceReceiver
ADDED from src\main\AndroidManifest.xml:436:9-450:20
	android:process
		ADDED from src\main\AndroidManifest.xml:438:13-44
	android:name
		ADDED from src\main\AndroidManifest.xml:437:13-77